<?xml version="1.0" encoding="UTF-8"?>
<!-- Generated by org.testng.reporters.JUnitReportReporter -->
<testsuite hostname="DESKTOP-0VHFFGI" failures="0" tests="1" name="com.example.TestRunner" time="174.709" errors="0" timestamp="2021-06-26T12:54:11 IST" skipped="0">
  <testcase classname="com.example.TestRunner" name="runScenario" time="174.709"/>
  <system-out/>
</testsuite> <!-- com.example.TestRunner -->
